<?xml version="1.0" encoding="UTF-8"?>
<!-- Generated by org.testng.reporters.JUnitReportReporter -->
<testsuite hostname="DESKTOP-1HEBA6V" failures="0" tests="1" name="testCases.TC002_Login" time="2.203" errors="0" timestamp="2024-08-06T16:25:34 IST" skipped="0">
  <testcase classname="testCases.TC002_Login" name="loginTest" time="2.203"/>
</testsuite> <!-- testCases.TC002_Login -->
