<?xml version="1.0" encoding="UTF-8"?>
<!-- Generated by org.testng.reporters.JUnitReportReporter -->
<testsuite hostname="DESKTOP-1HEBA6V" failures="0" tests="1" name="testCases.TC001_Register" time="2.034" errors="0" timestamp="2024-08-06T16:58:04 IST" skipped="0">
  <testcase classname="testCases.TC001_Register" name="registerAccount" time="2.034"/>
</testsuite> <!-- testCases.TC001_Register -->
